#
# A fatal error has been detected by the Java Runtime Environment:
#
#  EXCEPTION_ACCESS_VIOLATION (0xc0000005) at pc=0x000000006d58112d, pid=4112, tid=0x0000000000003a10
#
# JRE version: Java(TM) SE Runtime Environment (8.0_101-b13) (build 1.8.0_101-b13)
# Java VM: Java HotSpot(TM) 64-Bit Server VM (25.101-b13 mixed mode windows-amd64 compressed oops)
# Problematic frame:
# V  [jvm.dll+0x13112d]
#
# Failed to write core dump. Minidumps are not enabled by default on client versions of Windows
#
# If you would like to submit a bug report, please visit:
#   http://bugreport.java.com/bugreport/crash.jsp
#

---------------  T H R E A D  ---------------

Current thread (0x0000000016f89000):  VMThread [stack: 0x0000000018c70000,0x0000000018d70000] [id=14864]

siginfo: ExceptionCode=0xc0000005, reading address 0x00000000100000f8

Registers:
RAX=0x000000002033c828, RBX=0x000000000000001d, RCX=0x0000000010000000, RDX=0x000000006dc22b80
RSP=0x0000000018d6f400, RBP=0x0000000000000000, RSI=0x0000000010000000, RDI=0x00000000000000e8
R8 =0x000000000000002d, R9 =0x0000000021bd3990, R10=0x00000000000001fe, R11=0x0000000018d6f428
R12=0x000000006dc22b80, R13=0x0000000000000000, R14=0x000000006da53aa0, R15=0x000000006dc22ab0
RIP=0x000000006d58112d, EFLAGS=0x0000000000010246

Top of Stack: (sp=0x0000000018d6f400)
0x0000000018d6f400:   0000000000000000 0000000000000001
0x0000000018d6f410:   0000000100389d78 000000006dc22b80
0x0000000018d6f420:   0000000000000001 000000006d5572f6
0x0000000018d6f430:   000000000000001a 00000000000000e8
0x0000000018d6f440:   000000006dc22b80 00000001003859d8
0x0000000018d6f450:   00000001003859d8 000000006d55c9e0
0x0000000018d6f460:   00000001003859d8 000000006dc22b80
0x0000000018d6f470:   0000000018d6f500 0000000005f809a0
0x0000000018d6f480:   000000006dc22b80 000000006d57628c
0x0000000018d6f490:   00000001003857c0 0000000100389d78
0x0000000018d6f4a0:   0000000005f816c5 000000006d4b703d
0x0000000018d6f4b0:   000000006da53aa0 00000000000001fe
0x0000000018d6f4c0:   ffffffffffffff00 0000000000000004
0x0000000018d6f4d0:   0000000000000004 00000000000001fe
0x0000000018d6f4e0:   0000000000000000 0000000021bd3990
0x0000000018d6f4f0:   0000000000000000 00000000030c19c0 

Instructions: (pc=0x000000006d58112d)
0x000000006d58110d:   cc cc cc 48 89 6c 24 18 48 89 74 24 20 41 54 48
0x000000006d58111d:   83 ec 20 33 ed 48 89 7c 24 38 4c 8b e2 48 8b f1
0x000000006d58112d:   39 a9 f8 00 00 00 7f 04 8b fd eb 0f 48 81 c1 00
0x000000006d58113d:   01 00 00 e8 eb e7 ff ff 48 8b f8 48 89 5c 24 30 


Register to memory mapping:

RAX={method} {0x000000002033c830} 'ensureNoProtectedOrPrivateMethods' '(Lorg/gradle/model/internal/manage/binding/StructBindingValidationProblemCollector;[Ljava/lang/reflect/Method;)V' in 'org/gradle/model/internal/manage/binding/DefaultStructBindingsStore'
RBX=0x000000000000001d is an unknown value
RCX=0x0000000010000000 is an unknown value
RDX=0x000000006dc22b80 is an unknown value
RSP=0x0000000018d6f400 is an unknown value
RBP=0x0000000000000000 is an unknown value
RSI=0x0000000010000000 is an unknown value
RDI=0x00000000000000e8 is an unknown value
R8 =0x000000000000002d is an unknown value
R9 =0x0000000021bd3990 is an unknown value
R10=0x00000000000001fe is an unknown value
R11=0x0000000018d6f428 is an unknown value
R12=0x000000006dc22b80 is an unknown value
R13=0x0000000000000000 is an unknown value
R14=0x000000006da53aa0 is an unknown value
R15=0x000000006dc22ab0 is an unknown value


Stack: [0x0000000018c70000,0x0000000018d70000],  sp=0x0000000018d6f400,  free space=1021k
Native frames: (J=compiled Java code, j=interpreted, Vv=VM code, C=native code)

VM_Operation (0x00000000264db770): ParallelGCFailedAllocation, mode: safepoint, requested by thread 0x000000001a2c5000


---------------  P R O C E S S  ---------------

Java Threads: ( => current thread )
  0x000000001d163800 JavaThread "pool-5-thread-2" [_thread_blocked, id=3084, stack(0x00000000268e0000,0x00000000269e0000)]
  0x000000001d161800 JavaThread "pool-5-thread-1" [_thread_blocked, id=7344, stack(0x00000000267e0000,0x00000000268e0000)]
  0x000000001d163000 JavaThread "Cache update executor" [_thread_blocked, id=1328, stack(0x00000000266e0000,0x00000000267e0000)]
  0x000000001a2c8000 JavaThread "Stdin handler" [_thread_blocked, id=5032, stack(0x00000000265e0000,0x00000000266e0000)]
  0x000000001a2c6800 JavaThread "Asynchronous log dispatcher for DefaultDaemonConnection: socket connection from /127.0.0.1:50511 to /127.0.0.1:51008" [_thread_blocked, id=3500, stack(0x00000000264e0000,0x00000000265e0000)]
  0x000000001a2c5000 JavaThread "Daemon worker Thread 2" [_thread_blocked, id=13404, stack(0x00000000263e0000,0x00000000264e0000)]
  0x000000001a2c4800 JavaThread "Cancel handler" [_thread_blocked, id=6584, stack(0x00000000262e0000,0x00000000263e0000)]
  0x000000001a2c3800 JavaThread "Handler for socket connection from /127.0.0.1:50511 to /127.0.0.1:51008" [_thread_in_native, id=3464, stack(0x00000000261e0000,0x00000000262e0000)]
  0x000000001a2c9800 JavaThread "Daemon Thread 2" [_thread_blocked, id=7516, stack(0x00000000260e0000,0x00000000261e0000)]
  0x000000001a2c7800 JavaThread "pool-2-thread-1" [_thread_blocked, id=9200, stack(0x000000001fee0000,0x000000001ffe0000)]
  0x000000001a2c6000 JavaThread "File lock request listener" [_thread_in_native, id=12232, stack(0x000000001f9e0000,0x000000001fae0000)]
  0x000000001a43d800 JavaThread "Incoming local TCP Connector on port 50511" [_thread_in_native, id=12852, stack(0x000000001ba70000,0x000000001bb70000)]
  0x000000001a82c800 JavaThread "pool-1-thread-1" [_thread_blocked, id=12808, stack(0x000000001b770000,0x000000001b870000)]
  0x0000000018f40000 JavaThread "Service Thread" daemon [_thread_blocked, id=10028, stack(0x0000000019a60000,0x0000000019b60000)]
  0x0000000018ea4800 JavaThread "C1 CompilerThread3" daemon [_thread_blocked, id=14548, stack(0x0000000019960000,0x0000000019a60000)]
  0x0000000018ea0000 JavaThread "C2 CompilerThread2" daemon [_thread_blocked, id=14392, stack(0x0000000019860000,0x0000000019960000)]
  0x0000000018e9b800 JavaThread "C2 CompilerThread1" daemon [_thread_blocked, id=3144, stack(0x0000000019760000,0x0000000019860000)]
  0x0000000018e98000 JavaThread "C2 CompilerThread0" daemon [_thread_blocked, id=8272, stack(0x0000000019660000,0x0000000019760000)]
  0x0000000018e96800 JavaThread "Attach Listener" daemon [_thread_blocked, id=9776, stack(0x0000000019560000,0x0000000019660000)]
  0x0000000018e95000 JavaThread "Signal Dispatcher" daemon [_thread_blocked, id=12608, stack(0x0000000019460000,0x0000000019560000)]
  0x0000000018e90800 JavaThread "Finalizer" daemon [_thread_blocked, id=8368, stack(0x0000000019270000,0x0000000019370000)]
  0x00000000031c6000 JavaThread "Reference Handler" daemon [_thread_blocked, id=14848, stack(0x0000000018d70000,0x0000000018e70000)]
  0x00000000030d0800 JavaThread "main" [_thread_blocked, id=12664, stack(0x0000000002f80000,0x0000000003080000)]

Other Threads:
=>0x0000000016f89000 VMThread [stack: 0x0000000018c70000,0x0000000018d70000] [id=14864]
  0x0000000018f4a000 WatcherThread [stack: 0x0000000019b60000,0x0000000019c60000] [id=14528]

VM state:at safepoint (normal execution)

VM Mutex/Monitor currently owned by a thread:  ([mutex/lock_event])
[0x00000000030cc050] Threads_lock - owner thread: 0x0000000016f89000
[0x00000000030cbb50] Heap_lock - owner thread: 0x000000001a2c5000

Heap:
 PSYoungGen      total 188928K, used 33770K [0x00000000e0000000, 0x00000000f6300000, 0x0000000100000000)
  eden space 155136K, 0% used [0x00000000e0000000,0x00000000e0000000,0x00000000e9780000)
  from space 33792K, 99% used [0x00000000ed600000,0x00000000ef6fab10,0x00000000ef700000)
  to   space 64000K, 0% used [0x00000000e9780000,0x00000000e9780000,0x00000000ed600000)
 ParOldGen       total 154112K, used 152186K [0x00000000a0000000, 0x00000000a9680000, 0x00000000e0000000)
  object space 154112K, 98% used [0x00000000a0000000,0x00000000a949e920,0x00000000a9680000)
 Metaspace       used 70469K, capacity 73248K, committed 73432K, reserved 1112064K
  class space    used 9328K, capacity 9936K, committed 9984K, reserved 1048576K

Card table byte_map: [0x0000000012590000,0x00000000128a0000] byte_map_base: 0x0000000012090000

Marking Bits: (ParMarkBitMap*) 0x000000006dc6a6d0
 Begin Bits: [0x00000000132a0000, 0x0000000014aa0000)
 End Bits:   [0x0000000014aa0000, 0x00000000162a0000)

Polling page: 0x0000000002e90000

CodeCache: size=245760Kb used=45677Kb max_used=46550Kb free=200082Kb
 bounds [0x00000000031d0000, 0x0000000005f90000, 0x00000000121d0000]
 total_blobs=13391 nmethods=12574 adapters=725
 compilation: enabled

Compilation events (10 events):
Event: 8677.746 Thread 0x0000000018e9b800 nmethod 15111% 0x00000000036af290 code [0x00000000036af3e0, 0x00000000036af5b8]
Event: 8677.746 Thread 0x0000000018ea0000 nmethod 15113 0x000000000513d190 code [0x000000000513d2c0, 0x000000000513d338]
Event: 8677.746 Thread 0x0000000018e9b800 15115       4       proguard.classfile.ProgramClass::constantPoolEntriesAccept (37 bytes)
Event: 8677.747 Thread 0x0000000018e9b800 nmethod 15115 0x000000000544ab50 code [0x000000000544aca0, 0x000000000544ad98]
Event: 8677.749 Thread 0x0000000018ea4800 15116   !   3       proguard.classfile.ProgramClass::getName (66 bytes)
Event: 8677.750 Thread 0x0000000018ea0000 15118       4       proguard.classfile.util.SimplifiedVisitor::visitStringConstant (7 bytes)
Event: 8677.750 Thread 0x0000000018ea4800 nmethod 15116 0x0000000005411310 code [0x0000000005411580, 0x0000000005412518]
Event: 8677.750 Thread 0x0000000018ea4800 15117       3       proguard.classfile.constant.NameAndTypeConstant::getName (11 bytes)
Event: 8677.750 Thread 0x0000000018ea4800 nmethod 15117 0x00000000036aee10 code [0x00000000036aef80, 0x00000000036af1a8]
Event: 8677.751 Thread 0x0000000018ea0000 nmethod 15118 0x00000000052180d0 code [0x0000000005218200, 0x0000000005218278]

GC Heap History (10 events):
Event: 3896.504 GC heap after
Heap after GC invocations=21 (full 3):
 PSYoungGen      total 220160K, used 3607K [0x00000000e0000000, 0x00000000eed80000, 0x0000000100000000)
  eden space 207360K, 0% used [0x00000000e0000000,0x00000000e0000000,0x00000000eca80000)
  from space 12800K, 28% used [0x00000000ee100000,0x00000000ee485f88,0x00000000eed80000)
  to   space 17920K, 0% used [0x00000000eca80000,0x00000000eca80000,0x00000000edc00000)
 ParOldGen       total 120320K, used 54731K [0x00000000a0000000, 0x00000000a7580000, 0x00000000e0000000)
  object space 120320K, 45% used [0x00000000a0000000,0x00000000a3572c58,0x00000000a7580000)
 Metaspace       used 61620K, capacity 64130K, committed 64344K, reserved 1103872K
  class space    used 8392K, capacity 8995K, committed 9088K, reserved 1048576K
}
Event: 8653.065 GC heap before
{Heap before GC invocations=22 (full 3):
 PSYoungGen      total 220160K, used 210967K [0x00000000e0000000, 0x00000000eed80000, 0x0000000100000000)
  eden space 207360K, 100% used [0x00000000e0000000,0x00000000eca80000,0x00000000eca80000)
  from space 12800K, 28% used [0x00000000ee100000,0x00000000ee485f88,0x00000000eed80000)
  to   space 17920K, 0% used [0x00000000eca80000,0x00000000eca80000,0x00000000edc00000)
 ParOldGen       total 120320K, used 54731K [0x00000000a0000000, 0x00000000a7580000, 0x00000000e0000000)
  object space 120320K, 45% used [0x00000000a0000000,0x00000000a3572c58,0x00000000a7580000)
 Metaspace       used 62161K, capacity 64858K, committed 65112K, reserved 1105920K
  class space    used 8429K, capacity 9027K, committed 9088K, reserved 1048576K
Event: 8653.099 GC heap after
Heap after GC invocations=22 (full 3):
 PSYoungGen      total 207872K, used 7680K [0x00000000e0000000, 0x00000000ee400000, 0x0000000100000000)
  eden space 199680K, 0% used [0x00000000e0000000,0x00000000e0000000,0x00000000ec300000)
  from space 8192K, 93% used [0x00000000eca80000,0x00000000ed200040,0x00000000ed280000)
  to   space 16896K, 0% used [0x00000000ed380000,0x00000000ed380000,0x00000000ee400000)
 ParOldGen       total 120320K, used 57499K [0x00000000a0000000, 0x00000000a7580000, 0x00000000e0000000)
  object space 120320K, 47% used [0x00000000a0000000,0x00000000a3826d18,0x00000000a7580000)
 Metaspace       used 62161K, capacity 64858K, committed 65112K, reserved 1105920K
  class space    used 8429K, capacity 9027K, committed 9088K, reserved 1048576K
}
Event: 8668.294 GC heap before
{Heap before GC invocations=23 (full 3):
 PSYoungGen      total 207872K, used 207360K [0x00000000e0000000, 0x00000000ee400000, 0x0000000100000000)
  eden space 199680K, 100% used [0x00000000e0000000,0x00000000ec300000,0x00000000ec300000)
  from space 8192K, 93% used [0x00000000eca80000,0x00000000ed200040,0x00000000ed280000)
  to   space 16896K, 0% used [0x00000000ed380000,0x00000000ed380000,0x00000000ee400000)
 ParOldGen       total 120320K, used 57499K [0x00000000a0000000, 0x00000000a7580000, 0x00000000e0000000)
  object space 120320K, 47% used [0x00000000a0000000,0x00000000a3826d18,0x00000000a7580000)
 Metaspace       used 67310K, capacity 70098K, committed 70360K, reserved 1110016K
  class space    used 9051K, capacity 9677K, committed 9728K, reserved 1048576K
Event: 8668.309 GC heap after
Heap after GC invocations=23 (full 3):
 PSYoungGen      total 209408K, used 16868K [0x00000000e0000000, 0x00000000ee800000, 0x0000000100000000)
  eden space 192512K, 0% used [0x00000000e0000000,0x00000000e0000000,0x00000000ebc00000)
  from space 16896K, 99% used [0x00000000ed380000,0x00000000ee3f9188,0x00000000ee400000)
  to   space 22528K, 0% used [0x00000000ebc00000,0x00000000ebc00000,0x00000000ed200000)
 ParOldGen       total 120320K, used 65535K [0x00000000a0000000, 0x00000000a7580000, 0x00000000e0000000)
  object space 120320K, 54% used [0x00000000a0000000,0x00000000a3fffdd8,0x00000000a7580000)
 Metaspace       used 67310K, capacity 70098K, committed 70360K, reserved 1110016K
  class space    used 9051K, capacity 9677K, committed 9728K, reserved 1048576K
}
Event: 8676.740 GC heap before
{Heap before GC invocations=24 (full 3):
 PSYoungGen      total 209408K, used 209380K [0x00000000e0000000, 0x00000000ee800000, 0x0000000100000000)
  eden space 192512K, 100% used [0x00000000e0000000,0x00000000ebc00000,0x00000000ebc00000)
  from space 16896K, 99% used [0x00000000ed380000,0x00000000ee3f9188,0x00000000ee400000)
  to   space 22528K, 0% used [0x00000000ebc00000,0x00000000ebc00000,0x00000000ed200000)
 ParOldGen       total 120320K, used 65535K [0x00000000a0000000, 0x00000000a7580000, 0x00000000e0000000)
  object space 120320K, 54% used [0x00000000a0000000,0x00000000a3fffdd8,0x00000000a7580000)
 Metaspace       used 70344K, capacity 73088K, committed 73176K, reserved 1112064K
  class space    used 9312K, capacity 9904K, committed 9984K, reserved 1048576K
Event: 8676.760 GC heap after
Heap after GC invocations=24 (full 3):
 PSYoungGen      total 207872K, used 22507K [0x00000000e0000000, 0x00000000ef700000, 0x0000000100000000)
  eden space 185344K, 0% used [0x00000000e0000000,0x00000000e0000000,0x00000000eb500000)
  from space 22528K, 99% used [0x00000000ebc00000,0x00000000ed1fac20,0x00000000ed200000)
  to   space 33792K, 0% used [0x00000000ed600000,0x00000000ed600000,0x00000000ef700000)
 ParOldGen       total 120320K, used 86764K [0x00000000a0000000, 0x00000000a7580000, 0x00000000e0000000)
  object space 120320K, 72% used [0x00000000a0000000,0x00000000a54bb090,0x00000000a7580000)
 Metaspace       used 70344K, capacity 73088K, committed 73176K, reserved 1112064K
  class space    used 9312K, capacity 9904K, committed 9984K, reserved 1048576K
}
Event: 8677.751 GC heap before
{Heap before GC invocations=25 (full 3):
 PSYoungGen      total 207872K, used 207851K [0x00000000e0000000, 0x00000000ef700000, 0x0000000100000000)
  eden space 185344K, 100% used [0x00000000e0000000,0x00000000eb500000,0x00000000eb500000)
  from space 22528K, 99% used [0x00000000ebc00000,0x00000000ed1fac20,0x00000000ed200000)
  to   space 33792K, 0% used [0x00000000ed600000,0x00000000ed600000,0x00000000ef700000)
 ParOldGen       total 120320K, used 86764K [0x00000000a0000000, 0x00000000a7580000, 0x00000000e0000000)
  object space 120320K, 72% used [0x00000000a0000000,0x00000000a54bb090,0x00000000a7580000)
 Metaspace       used 70469K, capacity 73248K, committed 73432K, reserved 1112064K
  class space    used 9328K, capacity 9936K, committed 9984K, reserved 1048576K
Event: 8677.797 GC heap after
Heap after GC invocations=25 (full 3):
 PSYoungGen      total 188928K, used 33770K [0x00000000e0000000, 0x00000000f6300000, 0x0000000100000000)
  eden space 155136K, 0% used [0x00000000e0000000,0x00000000e0000000,0x00000000e9780000)
  from space 33792K, 99% used [0x00000000ed600000,0x00000000ef6fab10,0x00000000ef700000)
  to   space 64000K, 0% used [0x00000000e9780000,0x00000000e9780000,0x00000000ed600000)
 ParOldGen       total 154112K, used 152186K [0x00000000a0000000, 0x00000000a9680000, 0x00000000e0000000)
  object space 154112K, 98% used [0x00000000a0000000,0x00000000a949e920,0x00000000a9680000)
 Metaspace       used 70469K, capacity 73248K, committed 73432K, reserved 1112064K
  class space    used 9328K, capacity 9936K, committed 9984K, reserved 1048576K
}
Event: 8677.797 GC heap before
{Heap before GC invocations=26 (full 4):
 PSYoungGen      total 188928K, used 33770K [0x00000000e0000000, 0x00000000f6300000, 0x0000000100000000)
  eden space 155136K, 0% used [0x00000000e0000000,0x00000000e0000000,0x00000000e9780000)
  from space 33792K, 99% used [0x00000000ed600000,0x00000000ef6fab10,0x00000000ef700000)
  to   space 64000K, 0% used [0x00000000e9780000,0x00000000e9780000,0x00000000ed600000)
 ParOldGen       total 154112K, used 152186K [0x00000000a0000000, 0x00000000a9680000, 0x00000000e0000000)
  object space 154112K, 98% used [0x00000000a0000000,0x00000000a949e920,0x00000000a9680000)
 Metaspace       used 70469K, capacity 73248K, committed 73432K, reserved 1112064K
  class space    used 9328K, capacity 9936K, committed 9984K, reserved 1048576K

Deoptimization events (10 events):
Event: 8677.738 Thread 0x000000001a2c5000 Uncommon trap: reason=class_check action=maybe_recompile pc=0x0000000005f7c158 method=proguard.classfile.constant.FieldrefConstant.accept(Lproguard/classfile/Clazz;Lproguard/classfile/constant/visitor/ConstantVisitor;)V @ 3
Event: 8677.738 Thread 0x000000001a2c5000 Uncommon trap: reason=bimorphic action=maybe_recompile pc=0x00000000055a0050 method=proguard.classfile.constant.MethodrefConstant.accept(Lproguard/classfile/Clazz;Lproguard/classfile/constant/visitor/ConstantVisitor;)V @ 3
Event: 8677.738 Thread 0x000000001a2c5000 Uncommon trap: reason=bimorphic action=maybe_recompile pc=0x00000000055a0050 method=proguard.classfile.constant.MethodrefConstant.accept(Lproguard/classfile/Clazz;Lproguard/classfile/constant/visitor/ConstantVisitor;)V @ 3
Event: 8677.738 Thread 0x000000001a2c5000 Uncommon trap: reason=bimorphic action=maybe_recompile pc=0x00000000055a0050 method=proguard.classfile.constant.MethodrefConstant.accept(Lproguard/classfile/Clazz;Lproguard/classfile/constant/visitor/ConstantVisitor;)V @ 3
Event: 8677.738 Thread 0x000000001a2c5000 Uncommon trap: reason=bimorphic action=maybe_recompile pc=0x00000000055a0050 method=proguard.classfile.constant.MethodrefConstant.accept(Lproguard/classfile/Clazz;Lproguard/classfile/constant/visitor/ConstantVisitor;)V @ 3
Event: 8677.738 Thread 0x000000001a2c5000 Uncommon trap: reason=class_check action=maybe_recompile pc=0x0000000005f7c158 method=proguard.classfile.constant.FieldrefConstant.accept(Lproguard/classfile/Clazz;Lproguard/classfile/constant/visitor/ConstantVisitor;)V @ 3
Event: 8677.738 Thread 0x000000001a2c5000 Uncommon trap: reason=class_check action=maybe_recompile pc=0x0000000005449218 method=proguard.classfile.constant.InterfaceMethodrefConstant.accept(Lproguard/classfile/Clazz;Lproguard/classfile/constant/visitor/ConstantVisitor;)V @ 3
Event: 8677.738 Thread 0x000000001a2c5000 Uncommon trap: reason=class_check action=maybe_recompile pc=0x0000000005449218 method=proguard.classfile.constant.InterfaceMethodrefConstant.accept(Lproguard/classfile/Clazz;Lproguard/classfile/constant/visitor/ConstantVisitor;)V @ 3
Event: 8677.738 Thread 0x000000001a2c5000 Uncommon trap: reason=class_check action=maybe_recompile pc=0x0000000005449218 method=proguard.classfile.constant.InterfaceMethodrefConstant.accept(Lproguard/classfile/Clazz;Lproguard/classfile/constant/visitor/ConstantVisitor;)V @ 3
Event: 8677.738 Thread 0x000000001a2c5000 Uncommon trap: reason=class_check action=maybe_recompile pc=0x0000000005449218 method=proguard.classfile.constant.InterfaceMethodrefConstant.accept(Lproguard/classfile/Clazz;Lproguard/classfile/constant/visitor/ConstantVisitor;)V @ 3

Internal exceptions (10 events):
Event: 8646.458 Thread 0x000000001a2c5000 Exception <a 'sun/nio/fs/WindowsException'> (0x00000000e705da48) thrown at [C:\re\workspace\8-2-build-windows-amd64-cygwin\jdk8u101\7261\hotspot\src\share\vm\prims\jni.cpp, line 709]
Event: 8646.458 Thread 0x000000001a2c5000 Exception <a 'sun/nio/fs/WindowsException'> (0x00000000e705f6b0) thrown at [C:\re\workspace\8-2-build-windows-amd64-cygwin\jdk8u101\7261\hotspot\src\share\vm\prims\jni.cpp, line 709]
Event: 8646.458 Thread 0x000000001a2c5000 Exception <a 'sun/nio/fs/WindowsException'> (0x00000000e7060308) thrown at [C:\re\workspace\8-2-build-windows-amd64-cygwin\jdk8u101\7261\hotspot\src\share\vm\prims\jni.cpp, line 709]
Event: 8653.200 Thread 0x000000001d163000 Implicit null exception at 0x0000000004f0f1cc to 0x0000000004f12dcd
Event: 8653.496 Thread 0x000000001a2c5000 Implicit null exception at 0x0000000003b36c5e to 0x0000000003b36de1
Event: 8653.499 Thread 0x000000001a2c5000 Implicit null exception at 0x0000000004acd806 to 0x0000000004ace229
Event: 8653.517 Thread 0x000000001a2c5000 Implicit null exception at 0x0000000003acad5a to 0x0000000003acadad
Event: 8653.557 Thread 0x000000001a2c5000 Implicit null exception at 0x000000000465b375 to 0x000000000465b3f9
Event: 8654.065 Thread 0x000000001a2c5000 Implicit null exception at 0x00000000052eabbb to 0x00000000052ebc85
Event: 8676.486 Thread 0x000000001d163000 Exception <a 'java/lang/NoSuchMethodError': <clinit>> (0x00000000e9b82a40) thrown at [C:\re\workspace\8-2-build-windows-amd64-cygwin\jdk8u101\7261\hotspot\src\share\vm\prims\jni.cpp, line 1613]

Events (10 events):
Event: 8677.746 Thread 0x000000001a2c5000 DEOPT UNPACKING pc=0x000000000321787f sp=0x00000000264db7f8 mode 0
Event: 8677.746 Thread 0x000000001a2c5000 DEOPT PACKING pc=0x00000000051a06de sp=0x00000000264dbad0
Event: 8677.746 Thread 0x000000001a2c5000 DEOPT UNPACKING pc=0x000000000321787f sp=0x00000000264db7f8 mode 0
Event: 8677.746 Thread 0x000000001a2c5000 DEOPT PACKING pc=0x00000000051a06de sp=0x00000000264dbad0
Event: 8677.746 Thread 0x000000001a2c5000 DEOPT UNPACKING pc=0x000000000321787f sp=0x00000000264db7f8 mode 0
Event: 8677.747 Thread 0x000000001a2c5000 DEOPT PACKING pc=0x00000000051a06de sp=0x00000000264dbad0
Event: 8677.747 Thread 0x000000001a2c5000 DEOPT UNPACKING pc=0x000000000321787f sp=0x00000000264db7f8 mode 0
Event: 8677.747 Thread 0x000000001a2c5000 DEOPT PACKING pc=0x00000000051a06de sp=0x00000000264dbad0
Event: 8677.747 Thread 0x000000001a2c5000 DEOPT UNPACKING pc=0x000000000321787f sp=0x00000000264db7f8 mode 0
Event: 8677.751 Executing VM operation: ParallelGCFailedAllocation


Dynamic libraries:
0x00007ff619f90000 - 0x00007ff619fc7000 	C:\Program Files\Java\jdk1.8.0_101\bin\java.exe
0x00007ff950c00000 - 0x00007ff950ddb000 	C:\WINDOWS\SYSTEM32\ntdll.dll
0x00007ff94f010000 - 0x00007ff94f0be000 	C:\WINDOWS\System32\KERNEL32.DLL
0x00007ff94da00000 - 0x00007ff94dc49000 	C:\WINDOWS\System32\KERNELBASE.dll
0x00007ff94f6f0000 - 0x00007ff94f791000 	C:\WINDOWS\System32\ADVAPI32.dll
0x00007ff94e6a0000 - 0x00007ff94e73d000 	C:\WINDOWS\System32\msvcrt.dll
0x00007ff94e740000 - 0x00007ff94e799000 	C:\WINDOWS\System32\sechost.dll
0x00007ff94e510000 - 0x00007ff94e635000 	C:\WINDOWS\System32\RPCRT4.dll
0x00007ff94e350000 - 0x00007ff94e49a000 	C:\WINDOWS\System32\USER32.dll
0x00007ff94dd00000 - 0x00007ff94dd1e000 	C:\WINDOWS\System32\win32u.dll
0x00007ff94f0c0000 - 0x00007ff94f0e7000 	C:\WINDOWS\System32\GDI32.dll
0x00007ff94d820000 - 0x00007ff94d9a8000 	C:\WINDOWS\System32\gdi32full.dll
0x00007ff94dfc0000 - 0x00007ff94e05a000 	C:\WINDOWS\System32\msvcp_win.dll
0x00007ff94e060000 - 0x00007ff94e156000 	C:\WINDOWS\System32\ucrtbase.dll
0x00007ff93eb30000 - 0x00007ff93ed97000 	C:\WINDOWS\WinSxS\amd64_microsoft.windows.common-controls_6595b64144ccf1df_6.0.15063.483_none_26002d27e7c744a2\COMCTL32.dll
0x00007ff94f150000 - 0x00007ff94f449000 	C:\WINDOWS\System32\combase.dll
0x00007ff94df50000 - 0x00007ff94dfba000 	C:\WINDOWS\System32\bcryptPrimitives.dll
0x00007ff94e7a0000 - 0x00007ff94e7cd000 	C:\WINDOWS\System32\IMM32.DLL
0x000000006dcf0000 - 0x000000006ddc2000 	C:\Program Files\Java\jdk1.8.0_101\jre\bin\msvcr100.dll
0x000000006d450000 - 0x000000006dcea000 	C:\Program Files\Java\jdk1.8.0_101\jre\bin\server\jvm.dll
0x00007ff94f7a0000 - 0x00007ff94f7a8000 	C:\WINDOWS\System32\PSAPI.DLL
0x00007ff948b80000 - 0x00007ff948b89000 	C:\WINDOWS\SYSTEM32\WSOCK32.dll
0x00007ff94f510000 - 0x00007ff94f57c000 	C:\WINDOWS\System32\WS2_32.dll
0x00007ff9417e0000 - 0x00007ff9417ea000 	C:\WINDOWS\SYSTEM32\VERSION.dll
0x00007ff94b250000 - 0x00007ff94b273000 	C:\WINDOWS\SYSTEM32\WINMM.dll
0x00007ff94b220000 - 0x00007ff94b24b000 	C:\WINDOWS\SYSTEM32\WINMMBASE.dll
0x00007ff94d9b0000 - 0x00007ff94d9f9000 	C:\WINDOWS\System32\cfgmgr32.dll
0x000000006f1c0000 - 0x000000006f1cf000 	C:\Program Files\Java\jdk1.8.0_101\jre\bin\verify.dll
0x000000006f190000 - 0x000000006f1b9000 	C:\Program Files\Java\jdk1.8.0_101\jre\bin\java.dll
0x000000006f170000 - 0x000000006f186000 	C:\Program Files\Java\jdk1.8.0_101\jre\bin\zip.dll
0x00007ff94f7b0000 - 0x00007ff950be7000 	C:\WINDOWS\System32\SHELL32.dll
0x00007ff94e2a0000 - 0x00007ff94e34a000 	C:\WINDOWS\System32\shcore.dll
0x00007ff94d120000 - 0x00007ff94d813000 	C:\WINDOWS\System32\windows.storage.dll
0x00007ff94e640000 - 0x00007ff94e691000 	C:\WINDOWS\System32\shlwapi.dll
0x00007ff94d090000 - 0x00007ff94d0a1000 	C:\WINDOWS\System32\kernel.appcore.dll
0x00007ff94d0b0000 - 0x00007ff94d0fc000 	C:\WINDOWS\System32\powrprof.dll
0x00007ff94d070000 - 0x00007ff94d085000 	C:\WINDOWS\System32\profapi.dll
0x000000006d430000 - 0x000000006d44a000 	C:\Program Files\Java\jdk1.8.0_101\jre\bin\net.dll
0x00007ff94c980000 - 0x00007ff94c9dc000 	C:\WINDOWS\system32\mswsock.dll
0x000000006d410000 - 0x000000006d421000 	C:\Program Files\Java\jdk1.8.0_101\jre\bin\nio.dll
0x00007ff92a8a0000 - 0x00007ff92a8be000 	C:\Users\ADI\.gradle\native\23\windows-amd64\native-platform.dll
0x00007ff94cb20000 - 0x00007ff94cb37000 	C:\WINDOWS\SYSTEM32\CRYPTSP.dll
0x00007ff94c5a0000 - 0x00007ff94c5d4000 	C:\WINDOWS\system32\rsaenh.dll
0x00007ff94cc30000 - 0x00007ff94cc55000 	C:\WINDOWS\SYSTEM32\bcrypt.dll
0x00007ff94cfa0000 - 0x00007ff94cfc9000 	C:\WINDOWS\SYSTEM32\USERENV.dll
0x00007ff94cb40000 - 0x00007ff94cb4b000 	C:\WINDOWS\SYSTEM32\CRYPTBASE.dll
0x00007ff94c720000 - 0x00007ff94c757000 	C:\WINDOWS\SYSTEM32\IPHLPAPI.DLL
0x00007ff950bf0000 - 0x00007ff950bf8000 	C:\WINDOWS\System32\NSI.dll
0x00007ff93f370000 - 0x00007ff93f386000 	C:\WINDOWS\SYSTEM32\dhcpcsvc6.DLL
0x00007ff93f350000 - 0x00007ff93f36a000 	C:\WINDOWS\SYSTEM32\dhcpcsvc.DLL
0x000000006d400000 - 0x000000006d40d000 	C:\Program Files\Java\jdk1.8.0_101\jre\bin\management.dll
0x000000006d3d0000 - 0x000000006d3f4000 	C:\Program Files\Java\jdk1.8.0_101\jre\bin\sunec.dll
0x00007ff94c760000 - 0x00007ff94c804000 	C:\WINDOWS\SYSTEM32\DNSAPI.dll
0x000000006eed0000 - 0x000000006eef6000 	C:\Program Files\Bonjour\mdnsNSP.dll
0x00007ff93cd20000 - 0x00007ff93cd2a000 	C:\Windows\System32\rasadhlp.dll
0x00007ff93e4f0000 - 0x00007ff93e55b000 	C:\WINDOWS\System32\fwpuclnt.dll
0x000000006d3c0000 - 0x000000006d3cb000 	C:\Program Files\Java\jdk1.8.0_101\jre\bin\sunmscapi.dll
0x00007ff94dd20000 - 0x00007ff94dee9000 	C:\WINDOWS\System32\CRYPT32.dll
0x00007ff94d100000 - 0x00007ff94d111000 	C:\WINDOWS\System32\MSASN1.dll
0x00007ff9324b0000 - 0x00007ff9324c6000 	C:\WINDOWS\system32\napinsp.dll
0x00007ff932490000 - 0x00007ff9324aa000 	C:\WINDOWS\system32\pnrpnsp.dll
0x00007ff94a4f0000 - 0x00007ff94a508000 	C:\WINDOWS\system32\NLAapi.dll
0x00007ff935b60000 - 0x00007ff935b6e000 	C:\WINDOWS\System32\winrnr.dll
0x00007ff932470000 - 0x00007ff932485000 	C:\WINDOWS\System32\wshbth.dll
0x00007ff948980000 - 0x00007ff948b29000 	C:\WINDOWS\SYSTEM32\dbghelp.dll

VM Arguments:
jvm_args: -Xmx1536m -Dfile.encoding=windows-1252 -Duser.country=US -Duser.language=en -Duser.variant 
java_command: org.gradle.launcher.daemon.bootstrap.GradleDaemon 3.3
java_class_path (initial): C:\Users\ADI\.gradle\wrapper\dists\gradle-3.3-all\55gk2rcmfc6p2dg9u9ohc3hw9\gradle-3.3\lib\gradle-launcher-3.3.jar
Launcher Type: SUN_STANDARD

Environment Variables:
PATH=C:\ProgramData\Oracle\Java\javapath;C:\Windows\system32;C:\Windows;C:\Windows\System32\Wbem;C:\Windows\System32\WindowsPowerShell\v1.0\;C:\Program Files (x86)\Brackets\command;C:\WINDOWS\system32;C:\WINDOWS;C:\WINDOWS\System32\Wbem;C:\WINDOWS\System32\WindowsPowerShell\v1.0\;C:\Program Files\Git\cmd;C:\Program Files (x86)\GtkSharp\2.12\bin;C:\Program Files (x86)\NVIDIA Corporation\PhysX\Common;C:\Users\ADI\AppData\Local\Microsoft\WindowsApps;
USERNAME=ADI
OS=Windows_NT
PROCESSOR_IDENTIFIER=Intel64 Family 6 Model 94 Stepping 3, GenuineIntel



---------------  S Y S T E M  ---------------

OS: Windows 10.0 , 64 bit Build 15063 (10.0.15063.296)

CPU:total 8 (4 cores per cpu, 2 threads per core) family 6 model 94 stepping 3, cmov, cx8, fxsr, mmx, sse, sse2, sse3, ssse3, sse4.1, sse4.2, popcnt, avx, avx2, aes, clmul, erms, rtm, 3dnowpref, lzcnt, ht, tsc, tscinvbit, bmi1, bmi2, adx

Memory: 4k page, physical 8278792k(2511968k free), swap 25056008k(17889272k free)

vm_info: Java HotSpot(TM) 64-Bit Server VM (25.101-b13) for windows-amd64 JRE (1.8.0_101-b13), built on Jun 22 2016 01:21:29 by "java_re" with MS VC++ 10.0 (VS2010)

time: Fri Aug 25 02:39:11 2017
elapsed time: 8678 seconds (0d 2h 24m 38s)

